<?xml version="1.0" encoding="UTF-8"?>
<!-- Generated by org.testng.reporters.JUnitReportReporter -->
<testsuite hostname="LAPTOP-AH82UCUT" failures="0" tests="2" name="Test.TestRunner" time="7.373" errors="0" timestamp="2024-03-07T10:25:50 IST" skipped="0">
  <testcase classname="Test.TestRunner" name="runScenario" time="3.873"/>
  <testcase classname="Test.TestRunner" name="runScenario" time="3.500"/>
</testsuite> <!-- Test.TestRunner -->
