<?xml version="1.0" encoding="UTF-8"?>
<!-- Generated by org.testng.reporters.JUnitReportReporter -->
<testsuite hostname="LAPTOP-AH82UCUT" failures="0" tests="2" name="Test.TestRunner" time="8.572" errors="0" timestamp="2024-03-06T08:09:57 IST" skipped="0">
  <testcase classname="Test.TestRunner" name="runScenario" time="4.867"/>
  <testcase classname="Test.TestRunner" name="runScenario" time="3.705"/>
</testsuite> <!-- Test.TestRunner -->
